<?xml version="1.0" encoding="UTF-8"?>
<testng-results skipped="0" failed="0" ignored="0" total="1" passed="1">
  <reporter-output>
  </reporter-output>
  <suite name="Default suite" duration-ms="42243" started-at="2019-12-25T06:17:57Z" finished-at="2019-12-25T06:18:39Z">
    <groups>
    </groups>
    <test name="Default test" duration-ms="42243" started-at="2019-12-25T06:17:57Z" finished-at="2019-12-25T06:18:39Z">
      <class name="project1.AmazonPriceCaptureTest">
        <test-method status="PASS" signature="launchBrowserConfigTest()[pri:0, instance:project1.AmazonPriceCaptureTest@42d80b78]" name="launchBrowserConfigTest" is-config="true" duration-ms="9705" started-at="2019-12-25T11:47:57Z" finished-at="2019-12-25T11:48:07Z">
          <reporter-output>
          </reporter-output>
        </test-method> <!-- launchBrowserConfigTest -->
        <test-method status="PASS" signature="priceCAptureTest()[pri:0, instance:project1.AmazonPriceCaptureTest@42d80b78]" name="priceCAptureTest" duration-ms="32444" started-at="2019-12-25T11:48:07Z" finished-at="2019-12-25T11:48:39Z">
          <reporter-output>
          </reporter-output>
        </test-method> <!-- priceCAptureTest -->
        <test-method status="PASS" signature="closeBrowserConfigTest()[pri:0, instance:project1.AmazonPriceCaptureTest@42d80b78]" name="closeBrowserConfigTest" is-config="true" duration-ms="0" started-at="2019-12-25T11:48:39Z" finished-at="2019-12-25T11:48:39Z">
          <reporter-output>
          </reporter-output>
        </test-method> <!-- closeBrowserConfigTest -->
      </class> <!-- project1.AmazonPriceCaptureTest -->
    </test> <!-- Default test -->
  </suite> <!-- Default suite -->
</testng-results>
